<?xml version="1.0" encoding="UTF-8"?>
<robot generator="Robot 6.1.1 (Python 3.10.10 on win32)" generated="20240515 20:32:00.994" rpa="false" schemaversion="4">
<suite id="s1" name="usingtheBDD" source="C:\Users\Hello Soumya\PycharmProjects\robotframeworkproject\TestCase\usingtheBDD.robot">
<test id="s1-t1" name="this test case use for the bdd framework" line="5">
<kw name="start browser and maximise" library="resoursekey">
<arg>soumya</arg>
<doc>hii i am keyword level documentation</doc>
<kw name="Open Browser" library="SeleniumLibrary">
<arg>${URL}</arg>
<arg>${browser}</arg>
<doc>Opens a new browser instance to the optional ``url``.</doc>
<msg timestamp="20240515 20:32:01.757" level="INFO">Opening browser 'Chrome' to base url 'https://www.thetestingworld.com/testings/'.</msg>
<status status="PASS" starttime="20240515 20:32:01.755" endtime="20240515 20:32:07.788"/>
</kw>
<kw name="Maximize Browser Window" library="SeleniumLibrary">
<doc>Maximizes current browser window.</doc>
<status status="PASS" starttime="20240515 20:32:07.789" endtime="20240515 20:32:07.839"/>
</kw>
<kw name="Sleep" library="BuiltIn">
<arg>2s</arg>
<doc>Pauses the test executed for the given time.</doc>
<msg timestamp="20240515 20:32:09.851" level="INFO">Slept 2 seconds</msg>
<status status="PASS" starttime="20240515 20:32:07.840" endtime="20240515 20:32:09.851"/>
</kw>
<kw name="Input Text" library="SeleniumLibrary">
<arg>//input[@name='fld_username']</arg>
<arg>${argu}</arg>
<doc>Types the given ``text`` into the text field identified by ``locator``.</doc>
<msg timestamp="20240515 20:32:09.856" level="INFO">Typing text 'soumya' into text field '//input[@name='fld_username']'.</msg>
<status status="PASS" starttime="20240515 20:32:09.853" endtime="20240515 20:32:10.121"/>
</kw>
<kw name="Get Title" library="SeleniumLibrary">
<var>${title}</var>
<doc>Returns the title of the current page.</doc>
<msg timestamp="20240515 20:32:10.135" level="INFO">${title} = Login &amp; Sign Up Forms</msg>
<status status="PASS" starttime="20240515 20:32:10.122" endtime="20240515 20:32:10.135"/>
</kw>
<status status="PASS" starttime="20240515 20:32:01.754" endtime="20240515 20:32:10.136"/>
</kw>
<status status="PASS" starttime="20240515 20:32:01.753" endtime="20240515 20:32:10.136"/>
</test>
<status status="PASS" starttime="20240515 20:32:01.000" endtime="20240515 20:32:10.137"/>
</suite>
<statistics>
<total>
<stat pass="1" fail="0" skip="0">All Tests</stat>
</total>
<tag>
</tag>
<suite>
<stat pass="1" fail="0" skip="0" id="s1" name="usingtheBDD">usingtheBDD</stat>
</suite>
</statistics>
<errors>
</errors>
</robot>
